# JRE version: OpenJDK Runtime Environment (26.0+35) (build 26+35-2893)
# Java VM: OpenJDK 64-Bit Server VM (26+35-2893, mixed mode, sharing, tiered, compressed oops, compressed class ptrs, g1 gc, windows-amd64)
GC Precious Log:
 CardTable entry size: 512
 Card Set container configuration: InlinePtr #cards 4 size 8 Array Of Cards #cards 64 size 144 Howl #buckets 8 coarsen threshold 14745 Howl Bitmap #cards 2048 size 272 coarsen threshold 1843 Card regions per heap region 1 cards per card region 16384
 CPUs: 12 total, 12 available
 Memory: 65315M
 Large Page Support: Disabled
 NUMA Support: Disabled
 Compressed Oops: Enabled (Zero based)
 Heap Region Size: 8M
 Heap Min Capacity: 8M
 Heap Initial Capacity: 8M
 Heap Max Capacity: 16336M
 Pre-touch: Disabled
 Parallel Workers: 10
 Concurrent Workers: 3
 Concurrent Refinement Workers: 10
 Periodic GC: Disabled
Heap:
 garbage-first heap   total reserved 16728064K, committed 90112K, used 57657K [0x0000000403000000, 0x0000000800000000)
  region size 8M, 1 eden (8M), 1 survivor (8M), 7 old (56M), 0 humongous (0M), 2 free (16M)
GC Heap Usage History (20 events):
Event: 311.049 {heap Before GC invocations=31 (full 0):
 garbage-first heap   total reserved 16728064K, committed 81920K, used 64679K [0x0000000403000000, 0x0000000800000000)
  region size 8M, 2 eden (16M), 1 survivor (8M), 5 old (40M), 0 humongous (0M), 2 free (16M)
}
Event: 311.056 {heap After GC invocations=32 (full 0):
 garbage-first heap   total reserved 16728064K, committed 81920K, used 52868K [0x0000000403000000, 0x0000000800000000)
  region size 8M, 0 eden (0M), 1 survivor (8M), 6 old (48M), 0 humongous (0M), 3 free (24M)
}
Event: 328.734 {heap Before GC invocations=32 (full 0):
 garbage-first heap   total reserved 16728064K, committed 81920K, used 61060K [0x0000000403000000, 0x0000000800000000)
  region size 8M, 1 eden (8M), 1 survivor (8M), 6 old (48M), 0 humongous (0M), 2 free (16M)
}
Event: 328.741 {heap After GC invocations=33 (full 0):
 garbage-first heap   total reserved 16728064K, committed 90112K, used 52950K [0x0000000403000000, 0x0000000800000000)
  region size 8M, 0 eden (0M), 1 survivor (8M), 7 old (56M), 0 humongous (0M), 3 free (24M)
}
Event: 349.100 {heap Before GC invocations=33 (full 0):
 garbage-first heap   total reserved 16728064K, committed 90112K, used 61142K [0x0000000403000000, 0x0000000800000000)
  region size 8M, 1 eden (8M), 1 survivor (8M), 7 old (56M), 0 humongous (0M), 2 free (16M)
}
Event: 349.102 {heap After GC invocations=34 (full 0):
 garbage-first heap   total reserved 16728064K, committed 90112K, used 53576K [0x0000000403000000, 0x0000000800000000)
  region size 8M, 0 eden (0M), 1 survivor (8M), 7 old (56M), 0 humongous (0M), 3 free (24M)
}
Event: 349.176 {heap Before GC invocations=35 (full 0):
 garbage-first heap   total reserved 16728064K, committed 90112K, used 69960K [0x0000000403000000, 0x0000000800000000)
  region size 8M, 2 eden (16M), 1 survivor (8M), 7 old (56M), 0 humongous (0M), 1 free (8M)
}
Event: 349.180 {heap After GC invocations=36 (full 0):
 garbage-first heap   total reserved 16728064K, committed 90112K, used 57221K [0x0000000403000000, 0x0000000800000000)
  region size 8M, 0 eden (0M), 1 survivor (8M), 7 old (56M), 0 humongous (0M), 3 free (24M)
}
Event: 349.206 {heap Before GC invocations=36 (full 0):
 garbage-first heap   total reserved 16728064K, committed 90112K, used 65413K [0x0000000403000000, 0x0000000800000000)
  region size 8M, 1 eden (8M), 1 survivor (8M), 7 old (56M), 0 humongous (0M), 2 free (16M)
}
Event: 349.214 {heap After GC invocations=37 (full 0):
 garbage-first heap   total reserved 16728064K, committed 90112K, used 50819K [0x0000000403000000, 0x0000000800000000)
  region size 8M, 0 eden (0M), 1 survivor (8M), 6 old (48M), 0 humongous (0M), 4 free (32M)
}
Event: 359.527 {heap Before GC invocations=37 (full 0):
 garbage-first heap   total reserved 16728064K, committed 90112K, used 67203K [0x0000000403000000, 0x0000000800000000)
  region size 8M, 2 eden (16M), 1 survivor (8M), 6 old (48M), 0 humongous (0M), 2 free (16M)
}
Event: 359.532 {heap After GC invocations=38 (full 0):
 garbage-first heap   total reserved 16728064K, committed 90112K, used 55264K [0x0000000403000000, 0x0000000800000000)
  region size 8M, 0 eden (0M), 1 survivor (8M), 6 old (48M), 0 humongous (0M), 4 free (32M)
}
Event: 391.535 {heap Before GC invocations=39 (full 0):
 garbage-first heap   total reserved 16728064K, committed 90112K, used 63456K [0x0000000403000000, 0x0000000800000000)
  region size 8M, 2 eden (16M), 1 survivor (8M), 6 old (48M), 0 humongous (0M), 2 free (16M)
}
Event: 391.539 {heap After GC invocations=40 (full 0):
 garbage-first heap   total reserved 16728064K, committed 90112K, used 57536K [0x0000000403000000, 0x0000000800000000)
  region size 8M, 0 eden (0M), 1 survivor (8M), 7 old (56M), 0 humongous (0M), 3 free (24M)
}
Event: 416.105 {heap Before GC invocations=40 (full 0):
 garbage-first heap   total reserved 16728064K, committed 90112K, used 65728K [0x0000000403000000, 0x0000000800000000)
  region size 8M, 1 eden (8M), 1 survivor (8M), 7 old (56M), 0 humongous (0M), 2 free (16M)
}
Event: 416.111 {heap After GC invocations=41 (full 0):
 garbage-first heap   total reserved 16728064K, committed 90112K, used 56025K [0x0000000403000000, 0x0000000800000000)
  region size 8M, 0 eden (0M), 1 survivor (8M), 7 old (56M), 0 humongous (0M), 3 free (24M)
}
Event: 446.750 {heap Before GC invocations=41 (full 0):
 garbage-first heap   total reserved 16728064K, committed 90112K, used 64217K [0x0000000403000000, 0x0000000800000000)
  region size 8M, 1 eden (8M), 1 survivor (8M), 7 old (56M), 0 humongous (0M), 2 free (16M)
}
Event: 446.753 {heap After GC invocations=42 (full 0):
 garbage-first heap   total reserved 16728064K, committed 90112K, used 56216K [0x0000000403000000, 0x0000000800000000)
  region size 8M, 0 eden (0M), 1 survivor (8M), 7 old (56M), 0 humongous (0M), 3 free (24M)
}
Event: 566.360 {heap Before GC invocations=43 (full 0):
 garbage-first heap   total reserved 16728064K, committed 90112K, used 72600K [0x0000000403000000, 0x0000000800000000)
  region size 8M, 2 eden (16M), 1 survivor (8M), 7 old (56M), 0 humongous (0M), 1 free (8M)
}
Event: 566.363 {heap After GC invocations=44 (full 0):
 garbage-first heap   total reserved 16728064K, committed 90112K, used 57657K [0x0000000403000000, 0x0000000800000000)
  region size 8M, 0 eden (0M), 1 survivor (8M), 7 old (56M), 0 humongous (0M), 3 free (24M)
}

